{"/Users/manuelbarzi/.root/.trunk/cus/skylab/bootcamp-201804/skylab-bootcamp-201804/stuff/notes-api-server-5.0.0/src/logic/index.test.js":{"path":"/Users/manuelbarzi/.root/.trunk/cus/skylab/bootcamp-201804/skylab-bootcamp-201804/stuff/notes-api-server-5.0.0/src/logic/index.test.js","s":{"1":1,"2":1,"3":1,"4":1,"5":1,"6":1,"7":1,"8":1,"9":0,"10":0,"11":0,"12":0,"13":0,"14":0,"15":0,"16":0,"17":0,"18":0,"19":0,"20":0,"21":0,"22":0,"23":0,"24":0,"25":0,"26":0,"27":0,"28":0,"29":0,"30":0,"31":0,"32":0,"33":0,"34":0,"35":0,"36":0,"37":0,"38":0,"39":0,"40":0,"41":0,"42":0,"43":0,"44":0,"45":0,"46":0,"47":0,"48":0,"49":0,"50":0,"51":0,"52":0,"53":0,"54":0,"55":0,"56":0,"57":0,"58":0,"59":0,"60":0,"61":0,"62":0,"63":0,"64":0,"65":0,"66":0,"67":0,"68":0,"69":0,"70":0,"71":0,"72":0,"73":0,"74":0,"75":0,"76":0,"77":0,"78":0,"79":0,"80":0,"81":0,"82":0,"83":0,"84":0,"85":0,"86":0,"87":0,"88":0,"89":0,"90":0,"91":0,"92":0,"93":0,"94":0,"95":0,"96":0,"97":0,"98":0,"99":0,"100":0,"101":0,"102":0,"103":0,"104":0,"105":0,"106":0,"107":0,"108":0,"109":0,"110":0,"111":0,"112":0,"113":0,"114":0,"115":0,"116":0,"117":0,"118":0,"119":0,"120":0,"121":0,"122":0,"123":0,"124":0,"125":0,"126":0,"127":0,"128":0,"129":0,"130":0,"131":0,"132":0,"133":0,"134":0,"135":0,"136":0,"137":0,"138":0,"139":0,"140":0,"141":0,"142":0,"143":0,"144":0,"145":0,"146":0,"147":0,"148":0,"149":0,"150":0,"151":0,"152":0,"153":0,"154":0,"155":0,"156":0,"157":0,"158":0,"159":0,"160":0,"161":0,"162":0,"163":0,"164":0,"165":0,"166":0,"167":0,"168":0,"169":0,"170":0,"171":0,"172":0,"173":0,"174":0,"175":0,"176":0,"177":0,"178":0,"179":0,"180":0,"181":0,"182":0,"183":0,"184":0,"185":0,"186":0,"187":0,"188":0,"189":0,"190":0,"191":0,"192":0,"193":0,"194":0,"195":0,"196":0,"197":0,"198":0,"199":0,"200":0,"201":0,"202":0,"203":0,"204":0,"205":0,"206":0,"207":0,"208":0,"209":0,"210":0,"211":0,"212":0,"213":0,"214":0,"215":0,"216":0,"217":0,"218":0,"219":0,"220":0,"221":0,"222":0,"223":0,"224":0,"225":0,"226":0,"227":0,"228":0,"229":0,"230":0,"231":0,"232":0,"233":0,"234":0,"235":0,"236":0,"237":0,"238":0,"239":0,"240":0,"241":0,"242":0,"243":0,"244":0,"245":0,"246":0,"247":0,"248":0,"249":0,"250":0,"251":0,"252":0,"253":0,"254":0,"255":0,"256":0,"257":0,"258":0,"259":0,"260":0,"261":0,"262":0,"263":0,"264":0,"265":0,"266":0,"267":0,"268":0,"269":0,"270":0,"271":0,"272":0,"273":0,"274":0,"275":0,"276":0,"277":0,"278":0,"279":0,"280":0,"281":0,"282":0,"283":0,"284":0,"285":0,"286":0,"287":0,"288":0,"289":0,"290":0,"291":0,"292":0,"293":0,"294":0,"295":0,"296":0,"297":0,"298":0,"299":0,"300":0,"301":0,"302":0,"303":0,"304":0,"305":0,"306":0,"307":0,"308":0,"309":0,"310":0,"311":0,"312":0,"313":0,"314":0,"315":0,"316":0,"317":0,"318":0,"319":0,"320":0,"321":0,"322":0,"323":0,"324":0,"325":0,"326":0,"327":0,"328":0,"329":0,"330":0,"331":0,"332":0,"333":0,"334":0,"335":0,"336":0,"337":0,"338":0,"339":0,"340":0,"341":0,"342":0,"343":0,"344":0,"345":0,"346":0,"347":0,"348":0,"349":0,"350":0,"351":0,"352":0,"353":0,"354":0,"355":0,"356":0,"357":0,"358":0,"359":0,"360":0,"361":0,"362":0,"363":0,"364":0,"365":0,"366":0,"367":0,"368":0,"369":0,"370":0,"371":0,"372":0,"373":0,"374":0,"375":0,"376":0,"377":0,"378":0,"379":0,"380":0,"381":0,"382":0,"383":0,"384":0,"385":0,"386":0,"387":0,"388":0,"389":0,"390":0,"391":0,"392":0,"393":0,"394":0,"395":0,"396":0,"397":0,"398":0,"399":0,"400":0,"401":0,"402":0,"403":0,"404":0,"405":0,"406":0,"407":0,"408":0,"409":0,"410":0,"411":0,"412":0,"413":0,"414":0,"415":0,"416":0,"417":0,"418":0,"419":0,"420":0,"421":0,"422":0,"423":0,"424":0,"425":0,"426":0},"b":{},"f":{},"fnMap":{},"statementMap":{"1":{"start":{"line":3,"column":0},"end":{"line":3,"column":26}},"2":{"start":{"line":5,"column":0},"end":{"line":5,"column":36}},"3":{"start":{"line":6,"column":0},"end":{"line":6,"column":34}},"4":{"start":{"line":7,"column":0},"end":{"line":7,"column":26}},"5":{"start":{"line":8,"column":0},"end":{"line":8,"column":43}},"6":{"start":{"line":9,"column":0},"end":{"line":9,"column":27}},"7":{"start":{"line":11,"column":0},"end":{"line":11,"column":35}},"8":{"start":{"line":13,"column":0},"end":{"line":766,"column":2}},"9":{"start":{"line":14,"column":4},"end":{"line":14,"column":12}},"10":{"start":{"line":16,"column":4},"end":{"line":16,"column":92}},"11":{"start":{"line":17,"column":4},"end":{"line":17,"column":99}},"12":{"start":{"line":18,"column":4},"end":{"line":18,"column":50}},"13":{"start":{"line":19,"column":4},"end":{"line":19,"column":50}},"14":{"start":{"line":20,"column":4},"end":{"line":20,"column":30}},"15":{"start":{"line":21,"column":4},"end":{"line":21,"column":22}},"16":{"start":{"line":23,"column":4},"end":{"line":23,"column":42}},"17":{"start":{"line":23,"column":17},"end":{"line":23,"column":41}},"18":{"start":{"line":25,"column":4},"end":{"line":31,"column":6}},"19":{"start":{"line":26,"column":8},"end":{"line":26,"column":55}},"20":{"start":{"line":27,"column":8},"end":{"line":27,"column":26}},"21":{"start":{"line":28,"column":8},"end":{"line":28,"column":43}},"22":{"start":{"line":28,"column":24},"end":{"line":28,"column":43}},"23":{"start":{"line":30,"column":8},"end":{"line":30,"column":66}},"24":{"start":{"line":33,"column":4},"end":{"line":110,"column":6}},"25":{"start":{"line":34,"column":8},"end":{"line":37,"column":9}},"26":{"start":{"line":35,"column":12},"end":{"line":36,"column":52}},"27":{"start":{"line":36,"column":29},"end":{"line":36,"column":51}},"28":{"start":{"line":39,"column":8},"end":{"line":49,"column":9}},"29":{"start":{"line":40,"column":12},"end":{"line":48,"column":18}},"30":{"start":{"line":42,"column":20},"end":{"line":42,"column":71}},"31":{"start":{"line":44,"column":20},"end":{"line":44,"column":77}},"32":{"start":{"line":47,"column":20},"end":{"line":47,"column":96}},"33":{"start":{"line":51,"column":8},"end":{"line":54,"column":9}},"34":{"start":{"line":52,"column":12},"end":{"line":53,"column":94}},"35":{"start":{"line":53,"column":40},"end":{"line":53,"column":93}},"36":{"start":{"line":56,"column":8},"end":{"line":59,"column":9}},"37":{"start":{"line":57,"column":12},"end":{"line":58,"column":96}},"38":{"start":{"line":58,"column":40},"end":{"line":58,"column":95}},"39":{"start":{"line":61,"column":8},"end":{"line":64,"column":9}},"40":{"start":{"line":62,"column":12},"end":{"line":63,"column":96}},"41":{"start":{"line":63,"column":40},"end":{"line":63,"column":95}},"42":{"start":{"line":66,"column":8},"end":{"line":69,"column":9}},"43":{"start":{"line":67,"column":12},"end":{"line":68,"column":97}},"44":{"start":{"line":68,"column":40},"end":{"line":68,"column":96}},"45":{"start":{"line":71,"column":8},"end":{"line":74,"column":9}},"46":{"start":{"line":72,"column":12},"end":{"line":73,"column":99}},"47":{"start":{"line":73,"column":40},"end":{"line":73,"column":98}},"48":{"start":{"line":76,"column":8},"end":{"line":79,"column":9}},"49":{"start":{"line":77,"column":12},"end":{"line":78,"column":99}},"50":{"start":{"line":78,"column":40},"end":{"line":78,"column":98}},"51":{"start":{"line":81,"column":8},"end":{"line":84,"column":9}},"52":{"start":{"line":82,"column":12},"end":{"line":83,"column":95}},"53":{"start":{"line":83,"column":40},"end":{"line":83,"column":94}},"54":{"start":{"line":86,"column":8},"end":{"line":89,"column":9}},"55":{"start":{"line":87,"column":12},"end":{"line":88,"column":97}},"56":{"start":{"line":88,"column":40},"end":{"line":88,"column":96}},"57":{"start":{"line":91,"column":8},"end":{"line":94,"column":9}},"58":{"start":{"line":92,"column":12},"end":{"line":93,"column":97}},"59":{"start":{"line":93,"column":40},"end":{"line":93,"column":96}},"60":{"start":{"line":96,"column":8},"end":{"line":99,"column":9}},"61":{"start":{"line":97,"column":12},"end":{"line":98,"column":98}},"62":{"start":{"line":98,"column":40},"end":{"line":98,"column":97}},"63":{"start":{"line":101,"column":8},"end":{"line":104,"column":9}},"64":{"start":{"line":102,"column":12},"end":{"line":103,"column":100}},"65":{"start":{"line":103,"column":40},"end":{"line":103,"column":99}},"66":{"start":{"line":106,"column":8},"end":{"line":109,"column":9}},"67":{"start":{"line":107,"column":12},"end":{"line":108,"column":100}},"68":{"start":{"line":108,"column":40},"end":{"line":108,"column":99}},"69":{"start":{"line":112,"column":4},"end":{"line":150,"column":6}},"70":{"start":{"line":113,"column":8},"end":{"line":119,"column":9}},"71":{"start":{"line":114,"column":12},"end":{"line":118,"column":17}},"72":{"start":{"line":116,"column":20},"end":{"line":117,"column":56}},"73":{"start":{"line":117,"column":36},"end":{"line":117,"column":55}},"74":{"start":{"line":121,"column":8},"end":{"line":124,"column":9}},"75":{"start":{"line":122,"column":12},"end":{"line":123,"column":95}},"76":{"start":{"line":123,"column":40},"end":{"line":123,"column":94}},"77":{"start":{"line":126,"column":8},"end":{"line":129,"column":9}},"78":{"start":{"line":127,"column":12},"end":{"line":128,"column":97}},"79":{"start":{"line":128,"column":40},"end":{"line":128,"column":96}},"80":{"start":{"line":131,"column":8},"end":{"line":134,"column":9}},"81":{"start":{"line":132,"column":12},"end":{"line":133,"column":97}},"82":{"start":{"line":133,"column":40},"end":{"line":133,"column":96}},"83":{"start":{"line":136,"column":8},"end":{"line":139,"column":9}},"84":{"start":{"line":137,"column":12},"end":{"line":138,"column":98}},"85":{"start":{"line":138,"column":40},"end":{"line":138,"column":97}},"86":{"start":{"line":141,"column":8},"end":{"line":144,"column":9}},"87":{"start":{"line":142,"column":12},"end":{"line":143,"column":100}},"88":{"start":{"line":143,"column":40},"end":{"line":143,"column":99}},"89":{"start":{"line":146,"column":8},"end":{"line":149,"column":9}},"90":{"start":{"line":147,"column":12},"end":{"line":148,"column":100}},"91":{"start":{"line":148,"column":40},"end":{"line":148,"column":99}},"92":{"start":{"line":152,"column":4},"end":{"line":187,"column":6}},"93":{"start":{"line":153,"column":8},"end":{"line":171,"column":9}},"94":{"start":{"line":154,"column":12},"end":{"line":170,"column":18}},"95":{"start":{"line":156,"column":20},"end":{"line":156,"column":49}},"96":{"start":{"line":159,"column":20},"end":{"line":159,"column":41}},"97":{"start":{"line":161,"column":20},"end":{"line":161,"column":79}},"98":{"start":{"line":163,"column":20},"end":{"line":163,"column":49}},"99":{"start":{"line":164,"column":20},"end":{"line":164,"column":51}},"100":{"start":{"line":165,"column":20},"end":{"line":165,"column":57}},"101":{"start":{"line":167,"column":20},"end":{"line":167,"column":47}},"102":{"start":{"line":168,"column":20},"end":{"line":168,"column":52}},"103":{"start":{"line":169,"column":20},"end":{"line":169,"column":49}},"104":{"start":{"line":173,"column":8},"end":{"line":176,"column":9}},"105":{"start":{"line":174,"column":12},"end":{"line":175,"column":92}},"106":{"start":{"line":175,"column":40},"end":{"line":175,"column":91}},"107":{"start":{"line":178,"column":8},"end":{"line":181,"column":9}},"108":{"start":{"line":179,"column":12},"end":{"line":180,"column":94}},"109":{"start":{"line":180,"column":40},"end":{"line":180,"column":93}},"110":{"start":{"line":183,"column":8},"end":{"line":186,"column":9}},"111":{"start":{"line":184,"column":12},"end":{"line":185,"column":94}},"112":{"start":{"line":185,"column":40},"end":{"line":185,"column":93}},"113":{"start":{"line":189,"column":4},"end":{"line":300,"column":6}},"114":{"start":{"line":190,"column":8},"end":{"line":211,"column":9}},"115":{"start":{"line":191,"column":12},"end":{"line":210,"column":18}},"116":{"start":{"line":193,"column":20},"end":{"line":209,"column":26}},"117":{"start":{"line":195,"column":28},"end":{"line":195,"column":50}},"118":{"start":{"line":197,"column":28},"end":{"line":197,"column":52}},"119":{"start":{"line":200,"column":28},"end":{"line":200,"column":49}},"120":{"start":{"line":202,"column":28},"end":{"line":202,"column":75}},"121":{"start":{"line":204,"column":28},"end":{"line":204,"column":56}},"122":{"start":{"line":205,"column":28},"end":{"line":205,"column":57}},"123":{"start":{"line":206,"column":28},"end":{"line":206,"column":61}},"124":{"start":{"line":207,"column":28},"end":{"line":207,"column":65}},"125":{"start":{"line":208,"column":28},"end":{"line":208,"column":60}},"126":{"start":{"line":213,"column":8},"end":{"line":224,"column":9}},"127":{"start":{"line":214,"column":12},"end":{"line":223,"column":122}},"128":{"start":{"line":219,"column":20},"end":{"line":219,"column":71}},"129":{"start":{"line":221,"column":20},"end":{"line":221,"column":101}},"130":{"start":{"line":223,"column":40},"end":{"line":223,"column":121}},"131":{"start":{"line":226,"column":8},"end":{"line":229,"column":9}},"132":{"start":{"line":227,"column":12},"end":{"line":228,"column":92}},"133":{"start":{"line":228,"column":40},"end":{"line":228,"column":91}},"134":{"start":{"line":231,"column":8},"end":{"line":234,"column":9}},"135":{"start":{"line":232,"column":12},"end":{"line":233,"column":94}},"136":{"start":{"line":233,"column":40},"end":{"line":233,"column":93}},"137":{"start":{"line":236,"column":8},"end":{"line":239,"column":9}},"138":{"start":{"line":237,"column":12},"end":{"line":238,"column":94}},"139":{"start":{"line":238,"column":40},"end":{"line":238,"column":93}},"140":{"start":{"line":241,"column":8},"end":{"line":244,"column":9}},"141":{"start":{"line":242,"column":12},"end":{"line":243,"column":94}},"142":{"start":{"line":243,"column":40},"end":{"line":243,"column":93}},"143":{"start":{"line":246,"column":8},"end":{"line":249,"column":9}},"144":{"start":{"line":247,"column":12},"end":{"line":248,"column":96}},"145":{"start":{"line":248,"column":40},"end":{"line":248,"column":95}},"146":{"start":{"line":251,"column":8},"end":{"line":254,"column":9}},"147":{"start":{"line":252,"column":12},"end":{"line":253,"column":96}},"148":{"start":{"line":253,"column":40},"end":{"line":253,"column":95}},"149":{"start":{"line":256,"column":8},"end":{"line":259,"column":9}},"150":{"start":{"line":257,"column":12},"end":{"line":258,"column":97}},"151":{"start":{"line":258,"column":40},"end":{"line":258,"column":96}},"152":{"start":{"line":261,"column":8},"end":{"line":264,"column":9}},"153":{"start":{"line":262,"column":12},"end":{"line":263,"column":99}},"154":{"start":{"line":263,"column":40},"end":{"line":263,"column":98}},"155":{"start":{"line":266,"column":8},"end":{"line":269,"column":9}},"156":{"start":{"line":267,"column":12},"end":{"line":268,"column":99}},"157":{"start":{"line":268,"column":40},"end":{"line":268,"column":98}},"158":{"start":{"line":271,"column":8},"end":{"line":274,"column":9}},"159":{"start":{"line":272,"column":12},"end":{"line":273,"column":95}},"160":{"start":{"line":273,"column":40},"end":{"line":273,"column":94}},"161":{"start":{"line":276,"column":8},"end":{"line":279,"column":9}},"162":{"start":{"line":277,"column":12},"end":{"line":278,"column":97}},"163":{"start":{"line":278,"column":40},"end":{"line":278,"column":96}},"164":{"start":{"line":281,"column":8},"end":{"line":284,"column":9}},"165":{"start":{"line":282,"column":12},"end":{"line":283,"column":97}},"166":{"start":{"line":283,"column":40},"end":{"line":283,"column":96}},"167":{"start":{"line":286,"column":8},"end":{"line":289,"column":9}},"168":{"start":{"line":287,"column":12},"end":{"line":288,"column":98}},"169":{"start":{"line":288,"column":40},"end":{"line":288,"column":97}},"170":{"start":{"line":291,"column":8},"end":{"line":294,"column":9}},"171":{"start":{"line":292,"column":12},"end":{"line":293,"column":100}},"172":{"start":{"line":293,"column":40},"end":{"line":293,"column":99}},"173":{"start":{"line":296,"column":8},"end":{"line":299,"column":9}},"174":{"start":{"line":297,"column":12},"end":{"line":298,"column":100}},"175":{"start":{"line":298,"column":40},"end":{"line":298,"column":99}},"176":{"start":{"line":302,"column":4},"end":{"line":362,"column":6}},"177":{"start":{"line":303,"column":8},"end":{"line":316,"column":9}},"178":{"start":{"line":304,"column":12},"end":{"line":315,"column":18}},"179":{"start":{"line":306,"column":20},"end":{"line":314,"column":26}},"180":{"start":{"line":308,"column":28},"end":{"line":308,"column":50}},"181":{"start":{"line":310,"column":28},"end":{"line":310,"column":52}},"182":{"start":{"line":313,"column":28},"end":{"line":313,"column":51}},"183":{"start":{"line":318,"column":8},"end":{"line":321,"column":9}},"184":{"start":{"line":319,"column":12},"end":{"line":320,"column":92}},"185":{"start":{"line":320,"column":40},"end":{"line":320,"column":91}},"186":{"start":{"line":323,"column":8},"end":{"line":326,"column":9}},"187":{"start":{"line":324,"column":12},"end":{"line":325,"column":94}},"188":{"start":{"line":325,"column":40},"end":{"line":325,"column":93}},"189":{"start":{"line":328,"column":8},"end":{"line":331,"column":9}},"190":{"start":{"line":329,"column":12},"end":{"line":330,"column":94}},"191":{"start":{"line":330,"column":40},"end":{"line":330,"column":93}},"192":{"start":{"line":333,"column":8},"end":{"line":336,"column":9}},"193":{"start":{"line":334,"column":12},"end":{"line":335,"column":95}},"194":{"start":{"line":335,"column":40},"end":{"line":335,"column":94}},"195":{"start":{"line":338,"column":8},"end":{"line":341,"column":9}},"196":{"start":{"line":339,"column":12},"end":{"line":340,"column":97}},"197":{"start":{"line":340,"column":40},"end":{"line":340,"column":96}},"198":{"start":{"line":343,"column":8},"end":{"line":346,"column":9}},"199":{"start":{"line":344,"column":12},"end":{"line":345,"column":97}},"200":{"start":{"line":345,"column":40},"end":{"line":345,"column":96}},"201":{"start":{"line":348,"column":8},"end":{"line":351,"column":9}},"202":{"start":{"line":349,"column":12},"end":{"line":350,"column":98}},"203":{"start":{"line":350,"column":40},"end":{"line":350,"column":97}},"204":{"start":{"line":353,"column":8},"end":{"line":356,"column":9}},"205":{"start":{"line":354,"column":12},"end":{"line":355,"column":100}},"206":{"start":{"line":355,"column":40},"end":{"line":355,"column":99}},"207":{"start":{"line":358,"column":8},"end":{"line":361,"column":9}},"208":{"start":{"line":359,"column":12},"end":{"line":360,"column":100}},"209":{"start":{"line":360,"column":40},"end":{"line":360,"column":99}},"210":{"start":{"line":365,"column":4},"end":{"line":426,"column":6}},"211":{"start":{"line":366,"column":8},"end":{"line":390,"column":9}},"212":{"start":{"line":367,"column":12},"end":{"line":389,"column":18}},"213":{"start":{"line":369,"column":20},"end":{"line":388,"column":26}},"214":{"start":{"line":373,"column":28},"end":{"line":373,"column":60}},"215":{"start":{"line":374,"column":28},"end":{"line":374,"column":51}},"216":{"start":{"line":376,"column":28},"end":{"line":387,"column":34}},"217":{"start":{"line":378,"column":36},"end":{"line":378,"column":57}},"218":{"start":{"line":380,"column":36},"end":{"line":380,"column":63}},"219":{"start":{"line":381,"column":36},"end":{"line":381,"column":73}},"220":{"start":{"line":383,"column":36},"end":{"line":383,"column":69}},"221":{"start":{"line":385,"column":36},"end":{"line":385,"column":63}},"222":{"start":{"line":386,"column":36},"end":{"line":386,"column":67}},"223":{"start":{"line":392,"column":8},"end":{"line":395,"column":10}},"224":{"start":{"line":393,"column":12},"end":{"line":394,"column":105}},"225":{"start":{"line":394,"column":40},"end":{"line":394,"column":104}},"226":{"start":{"line":397,"column":8},"end":{"line":400,"column":9}},"227":{"start":{"line":398,"column":12},"end":{"line":399,"column":92}},"228":{"start":{"line":399,"column":40},"end":{"line":399,"column":91}},"229":{"start":{"line":402,"column":8},"end":{"line":405,"column":9}},"230":{"start":{"line":403,"column":12},"end":{"line":404,"column":94}},"231":{"start":{"line":404,"column":40},"end":{"line":404,"column":93}},"232":{"start":{"line":407,"column":8},"end":{"line":410,"column":9}},"233":{"start":{"line":408,"column":12},"end":{"line":409,"column":94}},"234":{"start":{"line":409,"column":40},"end":{"line":409,"column":93}},"235":{"start":{"line":412,"column":8},"end":{"line":415,"column":10}},"236":{"start":{"line":413,"column":12},"end":{"line":414,"column":89}},"237":{"start":{"line":414,"column":40},"end":{"line":414,"column":88}},"238":{"start":{"line":417,"column":8},"end":{"line":420,"column":9}},"239":{"start":{"line":418,"column":12},"end":{"line":419,"column":91}},"240":{"start":{"line":419,"column":40},"end":{"line":419,"column":90}},"241":{"start":{"line":422,"column":8},"end":{"line":425,"column":9}},"242":{"start":{"line":423,"column":12},"end":{"line":424,"column":91}},"243":{"start":{"line":424,"column":40},"end":{"line":424,"column":90}},"244":{"start":{"line":428,"column":4},"end":{"line":500,"column":6}},"245":{"start":{"line":429,"column":8},"end":{"line":443,"column":10}},"246":{"start":{"line":430,"column":12},"end":{"line":430,"column":43}},"247":{"start":{"line":431,"column":12},"end":{"line":431,"column":53}},"248":{"start":{"line":433,"column":12},"end":{"line":433,"column":33}},"249":{"start":{"line":435,"column":12},"end":{"line":442,"column":18}},"250":{"start":{"line":437,"column":20},"end":{"line":437,"column":61}},"251":{"start":{"line":440,"column":20},"end":{"line":440,"column":48}},"252":{"start":{"line":441,"column":20},"end":{"line":441,"column":52}},"253":{"start":{"line":445,"column":8},"end":{"line":448,"column":9}},"254":{"start":{"line":446,"column":12},"end":{"line":447,"column":92}},"255":{"start":{"line":447,"column":40},"end":{"line":447,"column":91}},"256":{"start":{"line":450,"column":8},"end":{"line":453,"column":9}},"257":{"start":{"line":451,"column":12},"end":{"line":452,"column":94}},"258":{"start":{"line":452,"column":40},"end":{"line":452,"column":93}},"259":{"start":{"line":455,"column":8},"end":{"line":458,"column":9}},"260":{"start":{"line":456,"column":12},"end":{"line":457,"column":94}},"261":{"start":{"line":457,"column":40},"end":{"line":457,"column":93}},"262":{"start":{"line":460,"column":8},"end":{"line":471,"column":10}},"263":{"start":{"line":461,"column":12},"end":{"line":461,"column":43}},"264":{"start":{"line":462,"column":12},"end":{"line":462,"column":53}},"265":{"start":{"line":464,"column":12},"end":{"line":464,"column":33}},"266":{"start":{"line":466,"column":12},"end":{"line":470,"column":18}},"267":{"start":{"line":468,"column":20},"end":{"line":469,"column":113}},"268":{"start":{"line":469,"column":48},"end":{"line":469,"column":112}},"269":{"start":{"line":473,"column":8},"end":{"line":476,"column":9}},"270":{"start":{"line":474,"column":12},"end":{"line":475,"column":92}},"271":{"start":{"line":475,"column":40},"end":{"line":475,"column":91}},"272":{"start":{"line":478,"column":8},"end":{"line":481,"column":9}},"273":{"start":{"line":479,"column":12},"end":{"line":480,"column":94}},"274":{"start":{"line":480,"column":40},"end":{"line":480,"column":93}},"275":{"start":{"line":483,"column":8},"end":{"line":486,"column":9}},"276":{"start":{"line":484,"column":12},"end":{"line":485,"column":94}},"277":{"start":{"line":485,"column":40},"end":{"line":485,"column":93}},"278":{"start":{"line":488,"column":8},"end":{"line":499,"column":10}},"279":{"start":{"line":489,"column":12},"end":{"line":489,"column":43}},"280":{"start":{"line":490,"column":12},"end":{"line":490,"column":53}},"281":{"start":{"line":492,"column":12},"end":{"line":492,"column":33}},"282":{"start":{"line":494,"column":12},"end":{"line":498,"column":18}},"283":{"start":{"line":496,"column":20},"end":{"line":497,"column":113}},"284":{"start":{"line":497,"column":48},"end":{"line":497,"column":112}},"285":{"start":{"line":502,"column":4},"end":{"line":554,"column":6}},"286":{"start":{"line":503,"column":8},"end":{"line":538,"column":10}},"287":{"start":{"line":504,"column":12},"end":{"line":504,"column":43}},"288":{"start":{"line":506,"column":12},"end":{"line":506,"column":90}},"289":{"start":{"line":506,"column":47},"end":{"line":506,"column":89}},"290":{"start":{"line":508,"column":12},"end":{"line":508,"column":30}},"291":{"start":{"line":510,"column":12},"end":{"line":537,"column":18}},"292":{"start":{"line":520,"column":20},"end":{"line":520,"column":59}},"293":{"start":{"line":521,"column":20},"end":{"line":521,"column":63}},"294":{"start":{"line":523,"column":20},"end":{"line":536,"column":26}},"295":{"start":{"line":525,"column":28},"end":{"line":525,"column":50}},"296":{"start":{"line":526,"column":28},"end":{"line":526,"column":73}},"297":{"start":{"line":528,"column":28},"end":{"line":535,"column":30}},"298":{"start":{"line":532,"column":32},"end":{"line":532,"column":67}},"299":{"start":{"line":533,"column":32},"end":{"line":533,"column":71}},"300":{"start":{"line":534,"column":32},"end":{"line":534,"column":56}},"301":{"start":{"line":540,"column":8},"end":{"line":543,"column":9}},"302":{"start":{"line":541,"column":12},"end":{"line":542,"column":92}},"303":{"start":{"line":542,"column":40},"end":{"line":542,"column":91}},"304":{"start":{"line":545,"column":8},"end":{"line":548,"column":9}},"305":{"start":{"line":546,"column":12},"end":{"line":547,"column":94}},"306":{"start":{"line":547,"column":40},"end":{"line":547,"column":93}},"307":{"start":{"line":550,"column":8},"end":{"line":553,"column":9}},"308":{"start":{"line":551,"column":12},"end":{"line":552,"column":94}},"309":{"start":{"line":552,"column":40},"end":{"line":552,"column":93}},"310":{"start":{"line":556,"column":4},"end":{"line":622,"column":6}},"311":{"start":{"line":557,"column":8},"end":{"line":580,"column":9}},"312":{"start":{"line":558,"column":12},"end":{"line":579,"column":17}},"313":{"start":{"line":560,"column":20},"end":{"line":578,"column":26}},"314":{"start":{"line":562,"column":28},"end":{"line":562,"column":79}},"315":{"start":{"line":564,"column":28},"end":{"line":564,"column":63}},"316":{"start":{"line":566,"column":28},"end":{"line":577,"column":34}},"317":{"start":{"line":568,"column":36},"end":{"line":568,"column":58}},"318":{"start":{"line":570,"column":36},"end":{"line":570,"column":64}},"319":{"start":{"line":573,"column":36},"end":{"line":573,"column":64}},"320":{"start":{"line":575,"column":36},"end":{"line":575,"column":63}},"321":{"start":{"line":576,"column":36},"end":{"line":576,"column":70}},"322":{"start":{"line":582,"column":8},"end":{"line":585,"column":9}},"323":{"start":{"line":583,"column":12},"end":{"line":584,"column":92}},"324":{"start":{"line":584,"column":40},"end":{"line":584,"column":91}},"325":{"start":{"line":587,"column":8},"end":{"line":590,"column":9}},"326":{"start":{"line":588,"column":12},"end":{"line":589,"column":94}},"327":{"start":{"line":589,"column":40},"end":{"line":589,"column":93}},"328":{"start":{"line":592,"column":8},"end":{"line":595,"column":9}},"329":{"start":{"line":593,"column":12},"end":{"line":594,"column":94}},"330":{"start":{"line":594,"column":40},"end":{"line":594,"column":93}},"331":{"start":{"line":597,"column":8},"end":{"line":608,"column":10}},"332":{"start":{"line":598,"column":12},"end":{"line":598,"column":43}},"333":{"start":{"line":599,"column":12},"end":{"line":599,"column":53}},"334":{"start":{"line":601,"column":12},"end":{"line":601,"column":33}},"335":{"start":{"line":603,"column":12},"end":{"line":607,"column":18}},"336":{"start":{"line":605,"column":20},"end":{"line":606,"column":113}},"337":{"start":{"line":606,"column":48},"end":{"line":606,"column":112}},"338":{"start":{"line":610,"column":8},"end":{"line":621,"column":10}},"339":{"start":{"line":611,"column":12},"end":{"line":611,"column":43}},"340":{"start":{"line":612,"column":12},"end":{"line":612,"column":53}},"341":{"start":{"line":614,"column":12},"end":{"line":614,"column":33}},"342":{"start":{"line":616,"column":12},"end":{"line":620,"column":18}},"343":{"start":{"line":618,"column":20},"end":{"line":619,"column":113}},"344":{"start":{"line":619,"column":48},"end":{"line":619,"column":112}},"345":{"start":{"line":624,"column":4},"end":{"line":701,"column":6}},"346":{"start":{"line":625,"column":8},"end":{"line":644,"column":10}},"347":{"start":{"line":626,"column":12},"end":{"line":626,"column":43}},"348":{"start":{"line":627,"column":12},"end":{"line":627,"column":53}},"349":{"start":{"line":629,"column":12},"end":{"line":629,"column":33}},"350":{"start":{"line":631,"column":12},"end":{"line":643,"column":18}},"351":{"start":{"line":633,"column":20},"end":{"line":642,"column":26}},"352":{"start":{"line":635,"column":28},"end":{"line":635,"column":50}},"353":{"start":{"line":637,"column":28},"end":{"line":637,"column":56}},"354":{"start":{"line":640,"column":28},"end":{"line":640,"column":50}},"355":{"start":{"line":641,"column":28},"end":{"line":641,"column":60}},"356":{"start":{"line":646,"column":8},"end":{"line":649,"column":9}},"357":{"start":{"line":647,"column":12},"end":{"line":648,"column":92}},"358":{"start":{"line":648,"column":40},"end":{"line":648,"column":91}},"359":{"start":{"line":651,"column":8},"end":{"line":654,"column":9}},"360":{"start":{"line":652,"column":12},"end":{"line":653,"column":94}},"361":{"start":{"line":653,"column":40},"end":{"line":653,"column":93}},"362":{"start":{"line":656,"column":8},"end":{"line":659,"column":9}},"363":{"start":{"line":657,"column":12},"end":{"line":658,"column":94}},"364":{"start":{"line":658,"column":40},"end":{"line":658,"column":93}},"365":{"start":{"line":661,"column":8},"end":{"line":672,"column":10}},"366":{"start":{"line":662,"column":12},"end":{"line":662,"column":43}},"367":{"start":{"line":663,"column":12},"end":{"line":663,"column":53}},"368":{"start":{"line":665,"column":12},"end":{"line":665,"column":33}},"369":{"start":{"line":667,"column":12},"end":{"line":671,"column":18}},"370":{"start":{"line":669,"column":20},"end":{"line":670,"column":113}},"371":{"start":{"line":670,"column":48},"end":{"line":670,"column":112}},"372":{"start":{"line":674,"column":8},"end":{"line":677,"column":9}},"373":{"start":{"line":675,"column":12},"end":{"line":676,"column":92}},"374":{"start":{"line":676,"column":40},"end":{"line":676,"column":91}},"375":{"start":{"line":679,"column":8},"end":{"line":682,"column":9}},"376":{"start":{"line":680,"column":12},"end":{"line":681,"column":94}},"377":{"start":{"line":681,"column":40},"end":{"line":681,"column":93}},"378":{"start":{"line":684,"column":8},"end":{"line":687,"column":9}},"379":{"start":{"line":685,"column":12},"end":{"line":686,"column":94}},"380":{"start":{"line":686,"column":40},"end":{"line":686,"column":93}},"381":{"start":{"line":689,"column":8},"end":{"line":700,"column":10}},"382":{"start":{"line":690,"column":12},"end":{"line":690,"column":43}},"383":{"start":{"line":691,"column":12},"end":{"line":691,"column":53}},"384":{"start":{"line":693,"column":12},"end":{"line":693,"column":33}},"385":{"start":{"line":695,"column":12},"end":{"line":699,"column":18}},"386":{"start":{"line":697,"column":20},"end":{"line":698,"column":113}},"387":{"start":{"line":698,"column":48},"end":{"line":698,"column":112}},"388":{"start":{"line":703,"column":4},"end":{"line":763,"column":6}},"389":{"start":{"line":704,"column":8},"end":{"line":737,"column":10}},"390":{"start":{"line":705,"column":12},"end":{"line":705,"column":43}},"391":{"start":{"line":707,"column":12},"end":{"line":707,"column":64}},"392":{"start":{"line":708,"column":12},"end":{"line":708,"column":65}},"393":{"start":{"line":709,"column":12},"end":{"line":709,"column":66}},"394":{"start":{"line":710,"column":12},"end":{"line":710,"column":65}},"395":{"start":{"line":711,"column":12},"end":{"line":711,"column":64}},"396":{"start":{"line":713,"column":12},"end":{"line":713,"column":29}},"397":{"start":{"line":715,"column":12},"end":{"line":736,"column":18}},"398":{"start":{"line":717,"column":20},"end":{"line":717,"column":88}},"399":{"start":{"line":717,"column":63},"end":{"line":717,"column":87}},"400":{"start":{"line":719,"column":20},"end":{"line":719,"column":67}},"401":{"start":{"line":720,"column":20},"end":{"line":720,"column":71}},"402":{"start":{"line":722,"column":20},"end":{"line":735,"column":26}},"403":{"start":{"line":724,"column":28},"end":{"line":724,"column":50}},"404":{"start":{"line":725,"column":28},"end":{"line":725,"column":79}},"405":{"start":{"line":727,"column":28},"end":{"line":734,"column":30}},"406":{"start":{"line":731,"column":32},"end":{"line":731,"column":67}},"407":{"start":{"line":732,"column":32},"end":{"line":732,"column":71}},"408":{"start":{"line":733,"column":32},"end":{"line":733,"column":56}},"409":{"start":{"line":739,"column":8},"end":{"line":742,"column":9}},"410":{"start":{"line":740,"column":12},"end":{"line":741,"column":92}},"411":{"start":{"line":741,"column":40},"end":{"line":741,"column":91}},"412":{"start":{"line":744,"column":8},"end":{"line":747,"column":9}},"413":{"start":{"line":745,"column":12},"end":{"line":746,"column":94}},"414":{"start":{"line":746,"column":40},"end":{"line":746,"column":93}},"415":{"start":{"line":749,"column":8},"end":{"line":752,"column":9}},"416":{"start":{"line":750,"column":12},"end":{"line":751,"column":94}},"417":{"start":{"line":751,"column":40},"end":{"line":751,"column":93}},"418":{"start":{"line":754,"column":8},"end":{"line":757,"column":9}},"419":{"start":{"line":755,"column":12},"end":{"line":756,"column":89}},"420":{"start":{"line":756,"column":40},"end":{"line":756,"column":88}},"421":{"start":{"line":759,"column":8},"end":{"line":762,"column":9}},"422":{"start":{"line":760,"column":12},"end":{"line":761,"column":82}},"423":{"start":{"line":761,"column":40},"end":{"line":761,"column":81}},"424":{"start":{"line":765,"column":4},"end":{"line":765,"column":93}},"425":{"start":{"line":765,"column":18},"end":{"line":765,"column":92}},"426":{"start":{"line":765,"column":60},"end":{"line":765,"column":91}}},"branchMap":{}},"/Users/manuelbarzi/.root/.trunk/cus/skylab/bootcamp-201804/skylab-bootcamp-201804/stuff/notes-api-server-5.0.0/src/logic/index.js":{"path":"/Users/manuelbarzi/.root/.trunk/cus/skylab/bootcamp-201804/skylab-bootcamp-201804/stuff/notes-api-server-5.0.0/src/logic/index.js","s":{"1":1,"2":1,"3":0,"4":0,"5":0,"6":0,"7":0,"8":0,"9":0,"10":0,"11":0,"12":0,"13":0,"14":0,"15":0,"16":0,"17":0,"18":0,"19":0,"20":0,"21":0,"22":0,"23":0,"24":0,"25":0,"26":0,"27":0,"28":0,"29":0,"30":0,"31":0,"32":0,"33":0,"34":0,"35":0,"36":0,"37":0,"38":0,"39":0,"40":0,"41":0,"42":0,"43":0,"44":0,"45":0,"46":0,"47":0,"48":0,"49":0,"50":0,"51":0,"52":0,"53":0,"54":0,"55":0,"56":0,"57":0,"58":0,"59":0,"60":0,"61":0,"62":0,"63":0,"64":0,"65":0,"66":0,"67":0,"68":0,"69":0,"70":0,"71":0,"72":0,"73":0,"74":0,"75":0,"76":0,"77":0,"78":0,"79":0,"80":0,"81":0,"82":0,"83":0,"84":0,"85":0,"86":0,"87":0,"88":0,"89":0,"90":0,"91":0,"92":0,"93":0,"94":0,"95":0,"96":0,"97":0,"98":0,"99":0,"100":0,"101":0,"102":0,"103":0,"104":0,"105":0,"106":0,"107":0,"108":0,"109":0,"110":0,"111":0,"112":0,"113":0,"114":0,"115":0,"116":0,"117":0,"118":0,"119":0,"120":0,"121":0,"122":0,"123":0,"124":0,"125":0,"126":0,"127":0,"128":0,"129":0,"130":0,"131":0,"132":0,"133":0,"134":0,"135":0,"136":0,"137":0,"138":0,"139":0,"140":0,"141":0,"142":0,"143":0,"144":0,"145":0,"146":0,"147":0,"148":0,"149":0,"150":0,"151":0,"152":0,"153":0,"154":0,"155":0,"156":0,"157":0,"158":0,"159":0,"160":0,"161":0,"162":0,"163":0,"164":0,"165":0,"166":0,"167":0,"168":0,"169":0,"170":0,"171":0,"172":0,"173":0,"174":0,"175":0,"176":0,"177":0,"178":0,"179":0,"180":0,"181":0,"182":0,"183":0,"184":0,"185":0,"186":0,"187":0,"188":0,"189":0,"190":0,"191":0,"192":0,"193":0,"194":0,"195":0,"196":0,"197":0,"198":0,"199":1},"b":{"1":[0,0],"2":[0,0],"3":[0,0],"4":[0,0],"5":[0,0],"6":[0,0],"7":[0,0],"8":[0,0],"9":[0,0],"10":[0,0],"11":[0,0],"12":[0,0],"13":[0,0],"14":[0,0],"15":[0,0],"16":[0,0],"17":[0,0],"18":[0,0],"19":[0,0],"20":[0,0],"21":[0,0],"22":[0,0],"23":[0,0],"24":[0,0],"25":[0,0],"26":[0,0],"27":[0,0],"28":[0,0],"29":[0,0],"30":[0,0],"31":[0,0],"32":[0,0],"33":[0,0],"34":[0,0],"35":[0,0],"36":[0,0],"37":[0,0],"38":[0,0],"39":[0,0],"40":[0,0],"41":[0,0],"42":[0,0],"43":[0,0],"44":[0,0],"45":[0,0],"46":[0,0],"47":[0,0],"48":[0,0],"49":[0,0],"50":[0,0],"51":[0,0],"52":[0,0],"53":[0,0],"54":[0,0],"55":[0,0],"56":[0,0],"57":[0,0],"58":[0,0],"59":[0,0],"60":[0,0],"61":[0,0],"62":[0,0],"63":[0,0],"64":[0,0],"65":[0,0],"66":[0,0],"67":[0,0],"68":[0,0],"69":[0,0],"70":[0,0],"71":[0,0],"72":[0,0],"73":[0,0],"74":[0,0],"75":[0,0]},"f":{"1":0,"2":0,"3":0,"4":0,"5":0,"6":0,"7":0,"8":0,"9":0,"10":0,"11":0},"fnMap":{"1":{"name":"(anonymous_1)","line":15,"loc":{"start":{"line":15,"column":16},"end":{"line":15,"column":49}}},"2":{"name":"(anonymous_2)","line":51,"loc":{"start":{"line":51,"column":20},"end":{"line":51,"column":38}}},"3":{"name":"(anonymous_3)","line":77,"loc":{"start":{"line":77,"column":16},"end":{"line":77,"column":21}}},"4":{"name":"(anonymous_4)","line":105,"loc":{"start":{"line":105,"column":14},"end":{"line":105,"column":74}}},"5":{"name":"(anonymous_5)","line":165,"loc":{"start":{"line":165,"column":18},"end":{"line":165,"column":40}}},"6":{"name":"(anonymous_6)","line":199,"loc":{"start":{"line":199,"column":11},"end":{"line":199,"column":26}}},"7":{"name":"(anonymous_7)","line":240,"loc":{"start":{"line":240,"column":16},"end":{"line":240,"column":33}}},"8":{"name":"(anonymous_8)","line":269,"loc":{"start":{"line":269,"column":13},"end":{"line":269,"column":22}}},"9":{"name":"(anonymous_9)","line":292,"loc":{"start":{"line":292,"column":14},"end":{"line":292,"column":31}}},"10":{"name":"(anonymous_10)","line":327,"loc":{"start":{"line":327,"column":14},"end":{"line":327,"column":37}}},"11":{"name":"(anonymous_11)","line":365,"loc":{"start":{"line":365,"column":13},"end":{"line":365,"column":28}}}},"statementMap":{"1":{"start":{"line":3,"column":0},"end":{"line":3,"column":43}},"2":{"start":{"line":5,"column":0},"end":{"line":384,"column":1}},"3":{"start":{"line":16,"column":8},"end":{"line":41,"column":14}},"4":{"start":{"line":18,"column":16},"end":{"line":18,"column":86}},"5":{"start":{"line":18,"column":46},"end":{"line":18,"column":86}},"6":{"start":{"line":20,"column":16},"end":{"line":20,"column":92}},"7":{"start":{"line":20,"column":50},"end":{"line":20,"column":92}},"8":{"start":{"line":22,"column":16},"end":{"line":22,"column":92}},"9":{"start":{"line":22,"column":49},"end":{"line":22,"column":92}},"10":{"start":{"line":24,"column":16},"end":{"line":24,"column":106}},"11":{"start":{"line":24,"column":61},"end":{"line":24,"column":106}},"12":{"start":{"line":26,"column":16},"end":{"line":26,"column":88}},"13":{"start":{"line":26,"column":47},"end":{"line":26,"column":88}},"14":{"start":{"line":28,"column":16},"end":{"line":28,"column":95}},"15":{"start":{"line":28,"column":52},"end":{"line":28,"column":95}},"16":{"start":{"line":30,"column":16},"end":{"line":30,"column":94}},"17":{"start":{"line":30,"column":50},"end":{"line":30,"column":94}},"18":{"start":{"line":32,"column":16},"end":{"line":32,"column":109}},"19":{"start":{"line":32,"column":63},"end":{"line":32,"column":109}},"20":{"start":{"line":34,"column":16},"end":{"line":40,"column":22}},"21":{"start":{"line":36,"column":24},"end":{"line":36,"column":88}},"22":{"start":{"line":36,"column":34},"end":{"line":36,"column":88}},"23":{"start":{"line":38,"column":24},"end":{"line":39,"column":45}},"24":{"start":{"line":39,"column":40},"end":{"line":39,"column":44}},"25":{"start":{"line":52,"column":8},"end":{"line":68,"column":14}},"26":{"start":{"line":54,"column":16},"end":{"line":54,"column":88}},"27":{"start":{"line":54,"column":47},"end":{"line":54,"column":88}},"28":{"start":{"line":56,"column":16},"end":{"line":56,"column":95}},"29":{"start":{"line":56,"column":52},"end":{"line":56,"column":95}},"30":{"start":{"line":58,"column":16},"end":{"line":58,"column":94}},"31":{"start":{"line":58,"column":50},"end":{"line":58,"column":94}},"32":{"start":{"line":60,"column":16},"end":{"line":60,"column":109}},"33":{"start":{"line":60,"column":63},"end":{"line":60,"column":109}},"34":{"start":{"line":62,"column":16},"end":{"line":62,"column":56}},"35":{"start":{"line":65,"column":16},"end":{"line":65,"column":59}},"36":{"start":{"line":65,"column":27},"end":{"line":65,"column":59}},"37":{"start":{"line":67,"column":16},"end":{"line":67,"column":30}},"38":{"start":{"line":78,"column":8},"end":{"line":90,"column":14}},"39":{"start":{"line":80,"column":16},"end":{"line":80,"column":82}},"40":{"start":{"line":80,"column":44},"end":{"line":80,"column":82}},"41":{"start":{"line":82,"column":16},"end":{"line":82,"column":86}},"42":{"start":{"line":82,"column":46},"end":{"line":82,"column":86}},"43":{"start":{"line":84,"column":16},"end":{"line":84,"column":90}},"44":{"start":{"line":87,"column":16},"end":{"line":87,"column":69}},"45":{"start":{"line":87,"column":27},"end":{"line":87,"column":69}},"46":{"start":{"line":89,"column":16},"end":{"line":89,"column":27}},"47":{"start":{"line":106,"column":8},"end":{"line":154,"column":29}},"48":{"start":{"line":108,"column":16},"end":{"line":108,"column":82}},"49":{"start":{"line":108,"column":44},"end":{"line":108,"column":82}},"50":{"start":{"line":110,"column":16},"end":{"line":110,"column":86}},"51":{"start":{"line":110,"column":46},"end":{"line":110,"column":86}},"52":{"start":{"line":112,"column":16},"end":{"line":112,"column":86}},"53":{"start":{"line":112,"column":46},"end":{"line":112,"column":86}},"54":{"start":{"line":114,"column":16},"end":{"line":114,"column":92}},"55":{"start":{"line":114,"column":50},"end":{"line":114,"column":92}},"56":{"start":{"line":116,"column":16},"end":{"line":116,"column":92}},"57":{"start":{"line":116,"column":49},"end":{"line":116,"column":92}},"58":{"start":{"line":118,"column":16},"end":{"line":118,"column":106}},"59":{"start":{"line":118,"column":61},"end":{"line":118,"column":106}},"60":{"start":{"line":120,"column":16},"end":{"line":120,"column":88}},"61":{"start":{"line":120,"column":47},"end":{"line":120,"column":88}},"62":{"start":{"line":122,"column":16},"end":{"line":122,"column":95}},"63":{"start":{"line":122,"column":52},"end":{"line":122,"column":95}},"64":{"start":{"line":124,"column":16},"end":{"line":124,"column":94}},"65":{"start":{"line":124,"column":50},"end":{"line":124,"column":94}},"66":{"start":{"line":126,"column":16},"end":{"line":126,"column":109}},"67":{"start":{"line":126,"column":63},"end":{"line":126,"column":109}},"68":{"start":{"line":128,"column":16},"end":{"line":128,"column":56}},"69":{"start":{"line":131,"column":16},"end":{"line":131,"column":59}},"70":{"start":{"line":131,"column":27},"end":{"line":131,"column":59}},"71":{"start":{"line":133,"column":16},"end":{"line":133,"column":100}},"72":{"start":{"line":133,"column":36},"end":{"line":133,"column":100}},"73":{"start":{"line":135,"column":16},"end":{"line":142,"column":17}},"74":{"start":{"line":136,"column":20},"end":{"line":141,"column":26}},"75":{"start":{"line":138,"column":28},"end":{"line":138,"column":115}},"76":{"start":{"line":138,"column":58},"end":{"line":138,"column":115}},"77":{"start":{"line":140,"column":28},"end":{"line":140,"column":39}},"78":{"start":{"line":144,"column":16},"end":{"line":144,"column":27}},"79":{"start":{"line":147,"column":16},"end":{"line":147,"column":32}},"80":{"start":{"line":148,"column":16},"end":{"line":148,"column":38}},"81":{"start":{"line":149,"column":16},"end":{"line":149,"column":56}},"82":{"start":{"line":150,"column":16},"end":{"line":150,"column":68}},"83":{"start":{"line":152,"column":16},"end":{"line":152,"column":34}},"84":{"start":{"line":154,"column":24},"end":{"line":154,"column":28}},"85":{"start":{"line":166,"column":8},"end":{"line":189,"column":29}},"86":{"start":{"line":168,"column":16},"end":{"line":168,"column":82}},"87":{"start":{"line":168,"column":44},"end":{"line":168,"column":82}},"88":{"start":{"line":170,"column":16},"end":{"line":170,"column":86}},"89":{"start":{"line":170,"column":46},"end":{"line":170,"column":86}},"90":{"start":{"line":172,"column":16},"end":{"line":172,"column":88}},"91":{"start":{"line":172,"column":47},"end":{"line":172,"column":88}},"92":{"start":{"line":174,"column":16},"end":{"line":174,"column":95}},"93":{"start":{"line":174,"column":52},"end":{"line":174,"column":95}},"94":{"start":{"line":176,"column":16},"end":{"line":176,"column":94}},"95":{"start":{"line":176,"column":50},"end":{"line":176,"column":94}},"96":{"start":{"line":178,"column":16},"end":{"line":178,"column":109}},"97":{"start":{"line":178,"column":63},"end":{"line":178,"column":109}},"98":{"start":{"line":180,"column":16},"end":{"line":180,"column":56}},"99":{"start":{"line":183,"column":16},"end":{"line":183,"column":59}},"100":{"start":{"line":183,"column":27},"end":{"line":183,"column":59}},"101":{"start":{"line":185,"column":16},"end":{"line":185,"column":100}},"102":{"start":{"line":185,"column":36},"end":{"line":185,"column":100}},"103":{"start":{"line":187,"column":16},"end":{"line":187,"column":36}},"104":{"start":{"line":189,"column":24},"end":{"line":189,"column":28}},"105":{"start":{"line":200,"column":8},"end":{"line":230,"column":14}},"106":{"start":{"line":202,"column":16},"end":{"line":202,"column":86}},"107":{"start":{"line":202,"column":48},"end":{"line":202,"column":86}},"108":{"start":{"line":204,"column":16},"end":{"line":204,"column":94}},"109":{"start":{"line":204,"column":54},"end":{"line":204,"column":94}},"110":{"start":{"line":206,"column":16},"end":{"line":206,"column":81}},"111":{"start":{"line":206,"column":46},"end":{"line":206,"column":81}},"112":{"start":{"line":208,"column":16},"end":{"line":208,"column":92}},"113":{"start":{"line":208,"column":55},"end":{"line":208,"column":92}},"114":{"start":{"line":224,"column":16},"end":{"line":229,"column":22}},"115":{"start":{"line":226,"column":24},"end":{"line":226,"column":81}},"116":{"start":{"line":226,"column":35},"end":{"line":226,"column":81}},"117":{"start":{"line":228,"column":24},"end":{"line":228,"column":67}},"118":{"start":{"line":241,"column":8},"end":{"line":261,"column":14}},"119":{"start":{"line":243,"column":16},"end":{"line":243,"column":86}},"120":{"start":{"line":243,"column":48},"end":{"line":243,"column":86}},"121":{"start":{"line":245,"column":16},"end":{"line":245,"column":94}},"122":{"start":{"line":245,"column":54},"end":{"line":245,"column":94}},"123":{"start":{"line":247,"column":16},"end":{"line":247,"column":86}},"124":{"start":{"line":247,"column":48},"end":{"line":247,"column":86}},"125":{"start":{"line":249,"column":16},"end":{"line":249,"column":87}},"126":{"start":{"line":249,"column":47},"end":{"line":249,"column":87}},"127":{"start":{"line":251,"column":16},"end":{"line":260,"column":22}},"128":{"start":{"line":253,"column":24},"end":{"line":253,"column":81}},"129":{"start":{"line":253,"column":35},"end":{"line":253,"column":81}},"130":{"start":{"line":255,"column":24},"end":{"line":255,"column":58}},"131":{"start":{"line":257,"column":24},"end":{"line":257,"column":81}},"132":{"start":{"line":257,"column":35},"end":{"line":257,"column":81}},"133":{"start":{"line":259,"column":24},"end":{"line":259,"column":35}},"134":{"start":{"line":270,"column":8},"end":{"line":282,"column":14}},"135":{"start":{"line":272,"column":16},"end":{"line":272,"column":86}},"136":{"start":{"line":272,"column":48},"end":{"line":272,"column":86}},"137":{"start":{"line":274,"column":16},"end":{"line":274,"column":94}},"138":{"start":{"line":274,"column":54},"end":{"line":274,"column":94}},"139":{"start":{"line":276,"column":16},"end":{"line":281,"column":22}},"140":{"start":{"line":278,"column":24},"end":{"line":278,"column":81}},"141":{"start":{"line":278,"column":35},"end":{"line":278,"column":81}},"142":{"start":{"line":280,"column":24},"end":{"line":280,"column":79}},"143":{"start":{"line":280,"column":65},"end":{"line":280,"column":77}},"144":{"start":{"line":293,"column":8},"end":{"line":316,"column":14}},"145":{"start":{"line":295,"column":16},"end":{"line":295,"column":86}},"146":{"start":{"line":295,"column":48},"end":{"line":295,"column":86}},"147":{"start":{"line":297,"column":16},"end":{"line":297,"column":94}},"148":{"start":{"line":297,"column":54},"end":{"line":297,"column":94}},"149":{"start":{"line":299,"column":16},"end":{"line":299,"column":86}},"150":{"start":{"line":299,"column":48},"end":{"line":299,"column":86}},"151":{"start":{"line":301,"column":16},"end":{"line":301,"column":87}},"152":{"start":{"line":301,"column":47},"end":{"line":301,"column":87}},"153":{"start":{"line":303,"column":16},"end":{"line":315,"column":37}},"154":{"start":{"line":305,"column":24},"end":{"line":305,"column":81}},"155":{"start":{"line":305,"column":35},"end":{"line":305,"column":81}},"156":{"start":{"line":307,"column":24},"end":{"line":307,"column":58}},"157":{"start":{"line":309,"column":24},"end":{"line":309,"column":81}},"158":{"start":{"line":309,"column":35},"end":{"line":309,"column":81}},"159":{"start":{"line":311,"column":24},"end":{"line":311,"column":37}},"160":{"start":{"line":313,"column":24},"end":{"line":313,"column":42}},"161":{"start":{"line":315,"column":32},"end":{"line":315,"column":36}},"162":{"start":{"line":328,"column":8},"end":{"line":355,"column":14}},"163":{"start":{"line":330,"column":16},"end":{"line":330,"column":86}},"164":{"start":{"line":330,"column":48},"end":{"line":330,"column":86}},"165":{"start":{"line":332,"column":16},"end":{"line":332,"column":94}},"166":{"start":{"line":332,"column":54},"end":{"line":332,"column":94}},"167":{"start":{"line":334,"column":16},"end":{"line":334,"column":86}},"168":{"start":{"line":334,"column":48},"end":{"line":334,"column":86}},"169":{"start":{"line":336,"column":16},"end":{"line":336,"column":87}},"170":{"start":{"line":336,"column":47},"end":{"line":336,"column":87}},"171":{"start":{"line":338,"column":16},"end":{"line":338,"column":81}},"172":{"start":{"line":338,"column":46},"end":{"line":338,"column":81}},"173":{"start":{"line":340,"column":16},"end":{"line":340,"column":92}},"174":{"start":{"line":340,"column":55},"end":{"line":340,"column":92}},"175":{"start":{"line":342,"column":16},"end":{"line":354,"column":37}},"176":{"start":{"line":344,"column":24},"end":{"line":344,"column":81}},"177":{"start":{"line":344,"column":35},"end":{"line":344,"column":81}},"178":{"start":{"line":346,"column":24},"end":{"line":346,"column":58}},"179":{"start":{"line":348,"column":24},"end":{"line":348,"column":81}},"180":{"start":{"line":348,"column":35},"end":{"line":348,"column":81}},"181":{"start":{"line":350,"column":24},"end":{"line":350,"column":40}},"182":{"start":{"line":352,"column":24},"end":{"line":352,"column":42}},"183":{"start":{"line":354,"column":32},"end":{"line":354,"column":36}},"184":{"start":{"line":366,"column":8},"end":{"line":382,"column":14}},"185":{"start":{"line":368,"column":16},"end":{"line":368,"column":86}},"186":{"start":{"line":368,"column":48},"end":{"line":368,"column":86}},"187":{"start":{"line":370,"column":16},"end":{"line":370,"column":94}},"188":{"start":{"line":370,"column":54},"end":{"line":370,"column":94}},"189":{"start":{"line":372,"column":16},"end":{"line":372,"column":81}},"190":{"start":{"line":372,"column":46},"end":{"line":372,"column":81}},"191":{"start":{"line":374,"column":16},"end":{"line":374,"column":62}},"192":{"start":{"line":374,"column":34},"end":{"line":374,"column":62}},"193":{"start":{"line":376,"column":16},"end":{"line":381,"column":22}},"194":{"start":{"line":378,"column":24},"end":{"line":378,"column":81}},"195":{"start":{"line":378,"column":35},"end":{"line":378,"column":81}},"196":{"start":{"line":380,"column":24},"end":{"line":380,"column":120}},"197":{"start":{"line":380,"column":57},"end":{"line":380,"column":81}},"198":{"start":{"line":380,"column":106},"end":{"line":380,"column":118}},"199":{"start":{"line":386,"column":0},"end":{"line":386,"column":22}}},"branchMap":{"1":{"line":18,"type":"if","locations":[{"start":{"line":18,"column":16},"end":{"line":18,"column":16}},{"start":{"line":18,"column":16},"end":{"line":18,"column":16}}]},"2":{"line":20,"type":"if","locations":[{"start":{"line":20,"column":16},"end":{"line":20,"column":16}},{"start":{"line":20,"column":16},"end":{"line":20,"column":16}}]},"3":{"line":22,"type":"if","locations":[{"start":{"line":22,"column":16},"end":{"line":22,"column":16}},{"start":{"line":22,"column":16},"end":{"line":22,"column":16}}]},"4":{"line":24,"type":"if","locations":[{"start":{"line":24,"column":16},"end":{"line":24,"column":16}},{"start":{"line":24,"column":16},"end":{"line":24,"column":16}}]},"5":{"line":26,"type":"if","locations":[{"start":{"line":26,"column":16},"end":{"line":26,"column":16}},{"start":{"line":26,"column":16},"end":{"line":26,"column":16}}]},"6":{"line":28,"type":"if","locations":[{"start":{"line":28,"column":16},"end":{"line":28,"column":16}},{"start":{"line":28,"column":16},"end":{"line":28,"column":16}}]},"7":{"line":30,"type":"if","locations":[{"start":{"line":30,"column":16},"end":{"line":30,"column":16}},{"start":{"line":30,"column":16},"end":{"line":30,"column":16}}]},"8":{"line":32,"type":"if","locations":[{"start":{"line":32,"column":16},"end":{"line":32,"column":16}},{"start":{"line":32,"column":16},"end":{"line":32,"column":16}}]},"9":{"line":36,"type":"if","locations":[{"start":{"line":36,"column":24},"end":{"line":36,"column":24}},{"start":{"line":36,"column":24},"end":{"line":36,"column":24}}]},"10":{"line":54,"type":"if","locations":[{"start":{"line":54,"column":16},"end":{"line":54,"column":16}},{"start":{"line":54,"column":16},"end":{"line":54,"column":16}}]},"11":{"line":56,"type":"if","locations":[{"start":{"line":56,"column":16},"end":{"line":56,"column":16}},{"start":{"line":56,"column":16},"end":{"line":56,"column":16}}]},"12":{"line":58,"type":"if","locations":[{"start":{"line":58,"column":16},"end":{"line":58,"column":16}},{"start":{"line":58,"column":16},"end":{"line":58,"column":16}}]},"13":{"line":60,"type":"if","locations":[{"start":{"line":60,"column":16},"end":{"line":60,"column":16}},{"start":{"line":60,"column":16},"end":{"line":60,"column":16}}]},"14":{"line":65,"type":"if","locations":[{"start":{"line":65,"column":16},"end":{"line":65,"column":16}},{"start":{"line":65,"column":16},"end":{"line":65,"column":16}}]},"15":{"line":80,"type":"if","locations":[{"start":{"line":80,"column":16},"end":{"line":80,"column":16}},{"start":{"line":80,"column":16},"end":{"line":80,"column":16}}]},"16":{"line":82,"type":"if","locations":[{"start":{"line":82,"column":16},"end":{"line":82,"column":16}},{"start":{"line":82,"column":16},"end":{"line":82,"column":16}}]},"17":{"line":87,"type":"if","locations":[{"start":{"line":87,"column":16},"end":{"line":87,"column":16}},{"start":{"line":87,"column":16},"end":{"line":87,"column":16}}]},"18":{"line":108,"type":"if","locations":[{"start":{"line":108,"column":16},"end":{"line":108,"column":16}},{"start":{"line":108,"column":16},"end":{"line":108,"column":16}}]},"19":{"line":110,"type":"if","locations":[{"start":{"line":110,"column":16},"end":{"line":110,"column":16}},{"start":{"line":110,"column":16},"end":{"line":110,"column":16}}]},"20":{"line":112,"type":"if","locations":[{"start":{"line":112,"column":16},"end":{"line":112,"column":16}},{"start":{"line":112,"column":16},"end":{"line":112,"column":16}}]},"21":{"line":114,"type":"if","locations":[{"start":{"line":114,"column":16},"end":{"line":114,"column":16}},{"start":{"line":114,"column":16},"end":{"line":114,"column":16}}]},"22":{"line":116,"type":"if","locations":[{"start":{"line":116,"column":16},"end":{"line":116,"column":16}},{"start":{"line":116,"column":16},"end":{"line":116,"column":16}}]},"23":{"line":118,"type":"if","locations":[{"start":{"line":118,"column":16},"end":{"line":118,"column":16}},{"start":{"line":118,"column":16},"end":{"line":118,"column":16}}]},"24":{"line":120,"type":"if","locations":[{"start":{"line":120,"column":16},"end":{"line":120,"column":16}},{"start":{"line":120,"column":16},"end":{"line":120,"column":16}}]},"25":{"line":122,"type":"if","locations":[{"start":{"line":122,"column":16},"end":{"line":122,"column":16}},{"start":{"line":122,"column":16},"end":{"line":122,"column":16}}]},"26":{"line":124,"type":"if","locations":[{"start":{"line":124,"column":16},"end":{"line":124,"column":16}},{"start":{"line":124,"column":16},"end":{"line":124,"column":16}}]},"27":{"line":126,"type":"if","locations":[{"start":{"line":126,"column":16},"end":{"line":126,"column":16}},{"start":{"line":126,"column":16},"end":{"line":126,"column":16}}]},"28":{"line":131,"type":"if","locations":[{"start":{"line":131,"column":16},"end":{"line":131,"column":16}},{"start":{"line":131,"column":16},"end":{"line":131,"column":16}}]},"29":{"line":133,"type":"if","locations":[{"start":{"line":133,"column":16},"end":{"line":133,"column":16}},{"start":{"line":133,"column":16},"end":{"line":133,"column":16}}]},"30":{"line":135,"type":"if","locations":[{"start":{"line":135,"column":16},"end":{"line":135,"column":16}},{"start":{"line":135,"column":16},"end":{"line":135,"column":16}}]},"31":{"line":138,"type":"if","locations":[{"start":{"line":138,"column":28},"end":{"line":138,"column":28}},{"start":{"line":138,"column":28},"end":{"line":138,"column":28}}]},"32":{"line":138,"type":"binary-expr","locations":[{"start":{"line":138,"column":32},"end":{"line":138,"column":37}},{"start":{"line":138,"column":41},"end":{"line":138,"column":56}}]},"33":{"line":149,"type":"cond-expr","locations":[{"start":{"line":149,"column":40},"end":{"line":149,"column":48}},{"start":{"line":149,"column":51},"end":{"line":149,"column":56}}]},"34":{"line":150,"type":"cond-expr","locations":[{"start":{"line":150,"column":46},"end":{"line":150,"column":57}},{"start":{"line":150,"column":60},"end":{"line":150,"column":68}}]},"35":{"line":168,"type":"if","locations":[{"start":{"line":168,"column":16},"end":{"line":168,"column":16}},{"start":{"line":168,"column":16},"end":{"line":168,"column":16}}]},"36":{"line":170,"type":"if","locations":[{"start":{"line":170,"column":16},"end":{"line":170,"column":16}},{"start":{"line":170,"column":16},"end":{"line":170,"column":16}}]},"37":{"line":172,"type":"if","locations":[{"start":{"line":172,"column":16},"end":{"line":172,"column":16}},{"start":{"line":172,"column":16},"end":{"line":172,"column":16}}]},"38":{"line":174,"type":"if","locations":[{"start":{"line":174,"column":16},"end":{"line":174,"column":16}},{"start":{"line":174,"column":16},"end":{"line":174,"column":16}}]},"39":{"line":176,"type":"if","locations":[{"start":{"line":176,"column":16},"end":{"line":176,"column":16}},{"start":{"line":176,"column":16},"end":{"line":176,"column":16}}]},"40":{"line":178,"type":"if","locations":[{"start":{"line":178,"column":16},"end":{"line":178,"column":16}},{"start":{"line":178,"column":16},"end":{"line":178,"column":16}}]},"41":{"line":183,"type":"if","locations":[{"start":{"line":183,"column":16},"end":{"line":183,"column":16}},{"start":{"line":183,"column":16},"end":{"line":183,"column":16}}]},"42":{"line":185,"type":"if","locations":[{"start":{"line":185,"column":16},"end":{"line":185,"column":16}},{"start":{"line":185,"column":16},"end":{"line":185,"column":16}}]},"43":{"line":202,"type":"if","locations":[{"start":{"line":202,"column":16},"end":{"line":202,"column":16}},{"start":{"line":202,"column":16},"end":{"line":202,"column":16}}]},"44":{"line":204,"type":"if","locations":[{"start":{"line":204,"column":16},"end":{"line":204,"column":16}},{"start":{"line":204,"column":16},"end":{"line":204,"column":16}}]},"45":{"line":206,"type":"if","locations":[{"start":{"line":206,"column":16},"end":{"line":206,"column":16}},{"start":{"line":206,"column":16},"end":{"line":206,"column":16}}]},"46":{"line":208,"type":"if","locations":[{"start":{"line":208,"column":16},"end":{"line":208,"column":16}},{"start":{"line":208,"column":16},"end":{"line":208,"column":16}}]},"47":{"line":226,"type":"if","locations":[{"start":{"line":226,"column":24},"end":{"line":226,"column":24}},{"start":{"line":226,"column":24},"end":{"line":226,"column":24}}]},"48":{"line":243,"type":"if","locations":[{"start":{"line":243,"column":16},"end":{"line":243,"column":16}},{"start":{"line":243,"column":16},"end":{"line":243,"column":16}}]},"49":{"line":245,"type":"if","locations":[{"start":{"line":245,"column":16},"end":{"line":245,"column":16}},{"start":{"line":245,"column":16},"end":{"line":245,"column":16}}]},"50":{"line":247,"type":"if","locations":[{"start":{"line":247,"column":16},"end":{"line":247,"column":16}},{"start":{"line":247,"column":16},"end":{"line":247,"column":16}}]},"51":{"line":249,"type":"if","locations":[{"start":{"line":249,"column":16},"end":{"line":249,"column":16}},{"start":{"line":249,"column":16},"end":{"line":249,"column":16}}]},"52":{"line":253,"type":"if","locations":[{"start":{"line":253,"column":24},"end":{"line":253,"column":24}},{"start":{"line":253,"column":24},"end":{"line":253,"column":24}}]},"53":{"line":257,"type":"if","locations":[{"start":{"line":257,"column":24},"end":{"line":257,"column":24}},{"start":{"line":257,"column":24},"end":{"line":257,"column":24}}]},"54":{"line":272,"type":"if","locations":[{"start":{"line":272,"column":16},"end":{"line":272,"column":16}},{"start":{"line":272,"column":16},"end":{"line":272,"column":16}}]},"55":{"line":274,"type":"if","locations":[{"start":{"line":274,"column":16},"end":{"line":274,"column":16}},{"start":{"line":274,"column":16},"end":{"line":274,"column":16}}]},"56":{"line":278,"type":"if","locations":[{"start":{"line":278,"column":24},"end":{"line":278,"column":24}},{"start":{"line":278,"column":24},"end":{"line":278,"column":24}}]},"57":{"line":295,"type":"if","locations":[{"start":{"line":295,"column":16},"end":{"line":295,"column":16}},{"start":{"line":295,"column":16},"end":{"line":295,"column":16}}]},"58":{"line":297,"type":"if","locations":[{"start":{"line":297,"column":16},"end":{"line":297,"column":16}},{"start":{"line":297,"column":16},"end":{"line":297,"column":16}}]},"59":{"line":299,"type":"if","locations":[{"start":{"line":299,"column":16},"end":{"line":299,"column":16}},{"start":{"line":299,"column":16},"end":{"line":299,"column":16}}]},"60":{"line":301,"type":"if","locations":[{"start":{"line":301,"column":16},"end":{"line":301,"column":16}},{"start":{"line":301,"column":16},"end":{"line":301,"column":16}}]},"61":{"line":305,"type":"if","locations":[{"start":{"line":305,"column":24},"end":{"line":305,"column":24}},{"start":{"line":305,"column":24},"end":{"line":305,"column":24}}]},"62":{"line":309,"type":"if","locations":[{"start":{"line":309,"column":24},"end":{"line":309,"column":24}},{"start":{"line":309,"column":24},"end":{"line":309,"column":24}}]},"63":{"line":330,"type":"if","locations":[{"start":{"line":330,"column":16},"end":{"line":330,"column":16}},{"start":{"line":330,"column":16},"end":{"line":330,"column":16}}]},"64":{"line":332,"type":"if","locations":[{"start":{"line":332,"column":16},"end":{"line":332,"column":16}},{"start":{"line":332,"column":16},"end":{"line":332,"column":16}}]},"65":{"line":334,"type":"if","locations":[{"start":{"line":334,"column":16},"end":{"line":334,"column":16}},{"start":{"line":334,"column":16},"end":{"line":334,"column":16}}]},"66":{"line":336,"type":"if","locations":[{"start":{"line":336,"column":16},"end":{"line":336,"column":16}},{"start":{"line":336,"column":16},"end":{"line":336,"column":16}}]},"67":{"line":338,"type":"if","locations":[{"start":{"line":338,"column":16},"end":{"line":338,"column":16}},{"start":{"line":338,"column":16},"end":{"line":338,"column":16}}]},"68":{"line":340,"type":"if","locations":[{"start":{"line":340,"column":16},"end":{"line":340,"column":16}},{"start":{"line":340,"column":16},"end":{"line":340,"column":16}}]},"69":{"line":344,"type":"if","locations":[{"start":{"line":344,"column":24},"end":{"line":344,"column":24}},{"start":{"line":344,"column":24},"end":{"line":344,"column":24}}]},"70":{"line":348,"type":"if","locations":[{"start":{"line":348,"column":24},"end":{"line":348,"column":24}},{"start":{"line":348,"column":24},"end":{"line":348,"column":24}}]},"71":{"line":368,"type":"if","locations":[{"start":{"line":368,"column":16},"end":{"line":368,"column":16}},{"start":{"line":368,"column":16},"end":{"line":368,"column":16}}]},"72":{"line":370,"type":"if","locations":[{"start":{"line":370,"column":16},"end":{"line":370,"column":16}},{"start":{"line":370,"column":16},"end":{"line":370,"column":16}}]},"73":{"line":372,"type":"if","locations":[{"start":{"line":372,"column":16},"end":{"line":372,"column":16}},{"start":{"line":372,"column":16},"end":{"line":372,"column":16}}]},"74":{"line":374,"type":"if","locations":[{"start":{"line":374,"column":16},"end":{"line":374,"column":16}},{"start":{"line":374,"column":16},"end":{"line":374,"column":16}}]},"75":{"line":378,"type":"if","locations":[{"start":{"line":378,"column":24},"end":{"line":378,"column":24}},{"start":{"line":378,"column":24},"end":{"line":378,"column":24}}]}}},"/Users/manuelbarzi/.root/.trunk/cus/skylab/bootcamp-201804/skylab-bootcamp-201804/stuff/notes-api-server-5.0.0/src/models/index.js":{"path":"/Users/manuelbarzi/.root/.trunk/cus/skylab/bootcamp-201804/skylab-bootcamp-201804/stuff/notes-api-server-5.0.0/src/models/index.js","s":{"1":1,"2":1,"3":1},"b":{},"f":{},"fnMap":{},"statementMap":{"1":{"start":{"line":1,"column":0},"end":{"line":1,"column":30}},"2":{"start":{"line":2,"column":0},"end":{"line":2,"column":30}},"3":{"start":{"line":4,"column":0},"end":{"line":7,"column":1}}},"branchMap":{}},"/Users/manuelbarzi/.root/.trunk/cus/skylab/bootcamp-201804/skylab-bootcamp-201804/stuff/notes-api-server-5.0.0/src/models/user.js":{"path":"/Users/manuelbarzi/.root/.trunk/cus/skylab/bootcamp-201804/skylab-bootcamp-201804/stuff/notes-api-server-5.0.0/src/models/user.js","s":{"1":1,"2":1,"3":1},"b":{},"f":{},"fnMap":{},"statementMap":{"1":{"start":{"line":1,"column":0},"end":{"line":1,"column":36}},"2":{"start":{"line":2,"column":0},"end":{"line":2,"column":37}},"3":{"start":{"line":4,"column":0},"end":{"line":4,"column":45}}},"branchMap":{}},"/Users/manuelbarzi/.root/.trunk/cus/skylab/bootcamp-201804/skylab-bootcamp-201804/stuff/notes-api-server-5.0.0/src/models/schemas/index.js":{"path":"/Users/manuelbarzi/.root/.trunk/cus/skylab/bootcamp-201804/skylab-bootcamp-201804/stuff/notes-api-server-5.0.0/src/models/schemas/index.js","s":{"1":1,"2":1,"3":1},"b":{},"f":{},"fnMap":{},"statementMap":{"1":{"start":{"line":1,"column":0},"end":{"line":1,"column":30}},"2":{"start":{"line":2,"column":0},"end":{"line":2,"column":30}},"3":{"start":{"line":4,"column":0},"end":{"line":7,"column":1}}},"branchMap":{}},"/Users/manuelbarzi/.root/.trunk/cus/skylab/bootcamp-201804/skylab-bootcamp-201804/stuff/notes-api-server-5.0.0/src/models/schemas/user.js":{"path":"/Users/manuelbarzi/.root/.trunk/cus/skylab/bootcamp-201804/skylab-bootcamp-201804/stuff/notes-api-server-5.0.0/src/models/schemas/user.js","s":{"1":1,"2":1,"3":1},"b":{},"f":{},"fnMap":{},"statementMap":{"1":{"start":{"line":1,"column":0},"end":{"line":1,"column":38}},"2":{"start":{"line":2,"column":0},"end":{"line":2,"column":30}},"3":{"start":{"line":4,"column":0},"end":{"line":23,"column":2}}},"branchMap":{}},"/Users/manuelbarzi/.root/.trunk/cus/skylab/bootcamp-201804/skylab-bootcamp-201804/stuff/notes-api-server-5.0.0/src/models/schemas/note.js":{"path":"/Users/manuelbarzi/.root/.trunk/cus/skylab/bootcamp-201804/skylab-bootcamp-201804/stuff/notes-api-server-5.0.0/src/models/schemas/note.js","s":{"1":1,"2":1},"b":{},"f":{},"fnMap":{},"statementMap":{"1":{"start":{"line":1,"column":0},"end":{"line":1,"column":38}},"2":{"start":{"line":3,"column":0},"end":{"line":8,"column":2}}},"branchMap":{}},"/Users/manuelbarzi/.root/.trunk/cus/skylab/bootcamp-201804/skylab-bootcamp-201804/stuff/notes-api-server-5.0.0/src/models/note.js":{"path":"/Users/manuelbarzi/.root/.trunk/cus/skylab/bootcamp-201804/skylab-bootcamp-201804/stuff/notes-api-server-5.0.0/src/models/note.js","s":{"1":1,"2":1,"3":1},"b":{},"f":{},"fnMap":{},"statementMap":{"1":{"start":{"line":1,"column":0},"end":{"line":1,"column":36}},"2":{"start":{"line":2,"column":0},"end":{"line":2,"column":37}},"3":{"start":{"line":4,"column":0},"end":{"line":4,"column":45}}},"branchMap":{}}}